2024-03-12 20:37:21,270 INFO  [Log] Application Opened 
2024-03-12 20:37:32,473 INFO  [Log] Login Completed 
2024-03-12 20:37:35,768 INFO  [Log] Logout Successful 
2024-03-12 20:37:40,614 INFO  [Log] Application Closed 
2024-04-03 16:22:03,755 INFO  [Log] Application Opened 
2024-04-03 16:22:19,852 INFO  [Log] Login Completed 
2024-04-03 16:22:23,193 INFO  [Log] Logout Successful 
2024-04-03 16:22:28,627 INFO  [Log] Application Closed 
2024-04-03 16:23:26,834 INFO  [Log] Application Opened 
2024-04-03 16:23:45,638 INFO  [Log] Login Completed 
2024-04-03 16:24:03,955 INFO  [Log] Employee Details Deleted 
2024-04-03 16:24:06,357 INFO  [Log] Logout Successful 
2024-04-03 16:24:11,302 INFO  [Log] Application Closed 
2024-04-03 16:24:36,333 INFO  [Log] Application Opened 
2024-04-03 16:24:49,804 INFO  [Log] Login Completed 
2024-04-03 16:25:07,443 INFO  [Log] Application Opened 
2024-04-03 16:25:20,277 INFO  [Log] Login Completed 
2024-04-03 16:25:26,087 INFO  [Log] First Mouseover Done 
2024-04-03 16:25:31,233 INFO  [Log] Second Mouseover Done 
2024-04-03 16:25:37,953 INFO  [Log] Clicked on Location Btn 
2024-04-03 16:25:56,693 INFO  [Log] Location Saved 
2024-04-03 16:25:58,955 INFO  [Log] Logout Successful 
2024-04-03 16:26:04,371 INFO  [Log] Application Closed 
2024-04-03 16:26:41,148 INFO  [Log] Application Opened 
2024-04-03 16:26:51,525 INFO  [Log] Login Completed 
2024-04-03 16:27:04,928 INFO  [Log] Image Uploaded 
2024-04-03 16:27:05,375 INFO  [Log] Logout Successful 
2024-04-03 16:27:11,613 INFO  [Log] Application Closed 
2024-04-03 16:29:56,506 INFO  [Log] Application Opened 
2024-04-03 16:30:08,789 INFO  [Log] Login Completed 
2024-04-03 16:30:12,090 INFO  [Log] Logout Successful 
2024-04-03 16:30:15,696 INFO  [Log] Application Closed 
2024-04-03 16:30:30,377 INFO  [Log] Application Opened 
2024-04-03 16:30:41,581 INFO  [Log] Login Completed 
2024-04-03 16:31:03,246 INFO  [Log] Application Opened 
2024-04-03 16:31:20,402 INFO  [Log] Login Completed 
2024-04-03 16:31:36,806 INFO  [Log] Employee Details Deleted 
2024-04-03 16:31:39,081 INFO  [Log] Logout Successful 
2024-04-03 16:31:42,443 INFO  [Log] Application Closed 
2024-04-03 16:32:00,101 INFO  [Log] Application Opened 
2024-04-03 16:32:14,140 INFO  [Log] Login Completed 
2024-04-03 16:32:33,183 INFO  [Log] Application Opened 
2024-04-03 16:32:41,924 INFO  [Log] Login Completed 
2024-04-03 16:32:47,423 INFO  [Log] First Mouseover Done 
2024-04-03 16:32:52,582 INFO  [Log] Second Mouseover Done 
2024-04-03 16:32:58,786 INFO  [Log] Clicked on Location Btn 
2024-04-03 16:33:20,745 INFO  [Log] Location Saved 
2024-04-03 16:33:22,984 INFO  [Log] Logout Successful 
2024-04-03 16:33:28,858 INFO  [Log] Application Closed 
2024-04-03 16:33:53,885 INFO  [Log] Application Opened 
2024-04-03 16:34:04,556 INFO  [Log] Login Completed 
2024-04-03 16:34:14,893 INFO  [Log] Image Uploaded 
2024-04-03 16:34:15,225 INFO  [Log] Logout Successful 
2024-04-03 16:34:21,308 INFO  [Log] Application Closed 
2024-04-03 16:44:07,612 INFO  [Log] Application Opened 
2024-04-03 16:44:21,769 INFO  [Log] Login Completed 
2024-04-03 16:44:25,084 INFO  [Log] Logout Successful 
2024-04-03 16:44:31,492 INFO  [Log] Application Closed 
2024-04-03 16:44:48,236 INFO  [Log] Application Opened 
2024-04-03 16:45:01,732 INFO  [Log] Login Completed 
2024-04-03 16:46:33,136 INFO  [Log] Application Opened 
2024-04-03 16:46:47,516 INFO  [Log] Login Completed 
2024-04-03 16:48:44,799 INFO  [Log] Application Opened 
2024-04-03 16:48:54,147 INFO  [Log] Login Completed 
2024-04-03 16:48:59,619 INFO  [Log] First Mouseover Done 
2024-04-03 16:49:04,784 INFO  [Log] Second Mouseover Done 
2024-04-03 16:49:10,770 INFO  [Log] Clicked on Location Btn 
2024-04-03 16:49:30,948 INFO  [Log] Location Saved 
2024-04-03 16:49:33,201 INFO  [Log] Logout Successful 
2024-04-03 16:49:38,574 INFO  [Log] Application Closed 
2024-04-03 16:49:58,162 INFO  [Log] Application Opened 
2024-04-03 16:50:11,112 INFO  [Log] Login Completed 
2024-04-03 16:50:26,231 INFO  [Log] Image Uploaded 
2024-04-03 16:50:26,516 INFO  [Log] Logout Successful 
2024-04-03 16:50:30,161 INFO  [Log] Application Closed 
2024-04-05 12:57:12,522 INFO  [Log] Application Opened 
2024-04-05 12:57:28,007 INFO  [Log] Login Completed 
2024-04-05 12:57:31,788 INFO  [Log] Logout Successful 
2024-04-05 12:57:42,179 INFO  [Log] Application Closed 
2024-04-05 12:58:08,067 INFO  [Log] Application Opened 
2024-04-05 12:58:22,265 INFO  [Log] Login Completed 
2024-04-05 12:58:32,119 INFO  [Log] Employee Added 
2024-04-05 12:58:34,402 INFO  [Log] Logout Successful 
2024-04-05 12:58:38,596 INFO  [Log] Application Closed 
2024-04-05 12:58:54,761 INFO  [Log] Application Opened 
2024-04-05 12:59:05,626 INFO  [Log] Login Completed 
2024-04-05 12:59:21,957 INFO  [Log] Employee Details Deleted 
2024-04-05 12:59:24,220 INFO  [Log] Logout Successful 
2024-04-05 12:59:29,607 INFO  [Log] Application Closed 
2024-04-05 12:59:42,956 INFO  [Log] Application Opened 
2024-04-05 12:59:54,354 INFO  [Log] Login Completed 
2024-04-05 13:00:38,118 INFO  [Log] Application Opened 
2024-04-05 13:00:47,349 INFO  [Log] Login Completed 
2024-04-05 13:00:53,124 INFO  [Log] First Mouseover Done 
2024-04-05 13:00:58,284 INFO  [Log] Second Mouseover Done 
2024-04-05 13:01:04,990 INFO  [Log] Clicked on Location Btn 
2024-04-05 13:01:25,481 INFO  [Log] Location Saved 
2024-04-05 13:01:27,787 INFO  [Log] Logout Successful 
2024-04-05 13:01:32,739 INFO  [Log] Application Closed 
2024-04-05 13:02:00,631 INFO  [Log] Application Opened 
2024-04-05 13:02:09,160 INFO  [Log] Login Completed 
2024-04-05 13:02:20,989 INFO  [Log] Image Uploaded 
2024-04-05 13:02:21,935 INFO  [Log] Logout Successful 
2024-04-05 13:02:28,866 INFO  [Log] Application Closed 
